2024-02-19 21:15:22.693 [info] Log level: Info
2024-02-19 21:15:22.693 [info] Validating found git in: "git"
2024-02-19 21:15:22.693 [info] Using git "2.34.1" from "git"
2024-02-19 21:15:22.693 [info] > git rev-parse --show-toplevel [34ms]
2024-02-19 21:15:22.693 [info] > git rev-parse --git-dir --git-common-dir [3ms]
2024-02-19 21:15:22.693 [info] Open repository: /home/bravucon
2024-02-19 21:15:22.693 [info] > git config --get commit.template [6ms]
2024-02-19 21:15:22.694 [info] > git rev-parse --show-toplevel [4ms]
2024-02-19 21:15:22.703 [info] > git for-each-ref --format=%(refname)%00%(upstream:short)%00%(objectname)%00%(upstream:track)%00%(upstream:remotename)%00%(upstream:remoteref) refs/heads/master refs/remotes/master [4ms]
2024-02-19 21:15:22.712 [info] > git rev-parse --show-toplevel [9ms]
2024-02-19 21:15:22.720 [info] > git rev-parse --show-toplevel [1ms]
2024-02-19 21:15:22.728 [info] > git status -z -uall [18ms]
2024-02-19 21:15:22.729 [info] > git rev-parse --show-toplevel [3ms]
2024-02-19 21:15:22.770 [info] > git config --get commit.template [3ms]
2024-02-19 21:15:22.920 [info] > git for-each-ref --format=%(refname)%00%(upstream:short)%00%(objectname)%00%(upstream:track)%00%(upstream:remotename)%00%(upstream:remoteref) refs/heads/master refs/remotes/master [12ms]
2024-02-19 21:15:22.939 [info] > git status -z -uall [9ms]
2024-02-19 21:15:23.225 [info] > git show --textconv :web.html [7ms]
2024-02-19 21:15:23.228 [info] > git ls-files --stage -- /home/bravucon/web.html [4ms]
2024-02-19 21:15:23.237 [info] > git cat-file -s e69de29bb2d1d6434b8b29ae775ad8c2e48c5391 [1ms]
2024-02-19 21:15:23.418 [info] > git check-ignore -v -z --stdin [1ms]
2024-02-19 21:15:25.769 [info] > git config --get commit.template [4ms]
2024-02-19 21:15:25.775 [info] > git for-each-ref --format=%(refname)%00%(upstream:short)%00%(objectname)%00%(upstream:track)%00%(upstream:remotename)%00%(upstream:remoteref) refs/heads/master refs/remotes/master [1ms]
2024-02-19 21:15:25.784 [info] > git status -z -uall [6ms]
2024-02-19 21:15:30.806 [info] > git config --get commit.template [4ms]
2024-02-19 21:15:30.806 [info] > git for-each-ref --format=%(refname)%00%(upstream:short)%00%(objectname)%00%(upstream:track)%00%(upstream:remotename)%00%(upstream:remoteref) refs/heads/master refs/remotes/master [1ms]
2024-02-19 21:15:30.814 [info] > git status -z -uall [5ms]
2024-02-19 21:15:35.831 [info] > git config --get commit.template [1ms]
2024-02-19 21:15:35.835 [info] > git for-each-ref --format=%(refname)%00%(upstream:short)%00%(objectname)%00%(upstream:track)%00%(upstream:remotename)%00%(upstream:remoteref) refs/heads/master refs/remotes/master [1ms]
2024-02-19 21:15:35.843 [info] > git status -z -uall [6ms]
2024-02-19 21:15:40.863 [info] > git config --get commit.template [4ms]
2024-02-19 21:15:40.863 [info] > git for-each-ref --format=%(refname)%00%(upstream:short)%00%(objectname)%00%(upstream:track)%00%(upstream:remotename)%00%(upstream:remoteref) refs/heads/master refs/remotes/master [0ms]
2024-02-19 21:15:40.871 [info] > git status -z -uall [5ms]
2024-02-19 21:15:47.116 [info] > git config --get commit.template [6ms]
2024-02-19 21:15:47.116 [info] > git for-each-ref --format=%(refname)%00%(upstream:short)%00%(objectname)%00%(upstream:track)%00%(upstream:remotename)%00%(upstream:remoteref) refs/heads/master refs/remotes/master [1ms]
2024-02-19 21:15:47.130 [info] > git status -z -uall [6ms]
2024-02-19 21:15:52.152 [info] > git config --get commit.template [3ms]
2024-02-19 21:15:52.152 [info] > git for-each-ref --format=%(refname)%00%(upstream:short)%00%(objectname)%00%(upstream:track)%00%(upstream:remotename)%00%(upstream:remoteref) refs/heads/master refs/remotes/master [1ms]
2024-02-19 21:15:52.160 [info] > git status -z -uall [5ms]
2024-02-19 21:15:57.176 [info] > git config --get commit.template [1ms]
2024-02-19 21:15:57.181 [info] > git for-each-ref --format=%(refname)%00%(upstream:short)%00%(objectname)%00%(upstream:track)%00%(upstream:remotename)%00%(upstream:remoteref) refs/heads/master refs/remotes/master [0ms]
2024-02-19 21:15:57.190 [info] > git status -z -uall [5ms]
2024-02-19 21:16:02.211 [info] > git config --get commit.template [4ms]
2024-02-19 21:16:02.212 [info] > git for-each-ref --format=%(refname)%00%(upstream:short)%00%(objectname)%00%(upstream:track)%00%(upstream:remotename)%00%(upstream:remoteref) refs/heads/master refs/remotes/master [1ms]
2024-02-19 21:16:02.220 [info] > git status -z -uall [6ms]
2024-02-19 21:16:07.236 [info] > git config --get commit.template [1ms]
2024-02-19 21:16:07.240 [info] > git for-each-ref --format=%(refname)%00%(upstream:short)%00%(objectname)%00%(upstream:track)%00%(upstream:remotename)%00%(upstream:remoteref) refs/heads/master refs/remotes/master [1ms]
2024-02-19 21:16:07.249 [info] > git status -z -uall [5ms]
2024-02-19 21:16:12.271 [info] > git config --get commit.template [3ms]
2024-02-19 21:16:12.272 [info] > git for-each-ref --format=%(refname)%00%(upstream:short)%00%(objectname)%00%(upstream:track)%00%(upstream:remotename)%00%(upstream:remoteref) refs/heads/master refs/remotes/master [1ms]
2024-02-19 21:16:12.280 [info] > git status -z -uall [5ms]
2024-02-19 21:16:17.299 [info] > git config --get commit.template [3ms]
2024-02-19 21:16:17.300 [info] > git for-each-ref --format=%(refname)%00%(upstream:short)%00%(objectname)%00%(upstream:track)%00%(upstream:remotename)%00%(upstream:remoteref) refs/heads/master refs/remotes/master [1ms]
2024-02-19 21:16:17.307 [info] > git status -z -uall [5ms]
2024-02-19 21:16:22.328 [info] > git config --get commit.template [5ms]
2024-02-19 21:16:22.328 [info] > git for-each-ref --format=%(refname)%00%(upstream:short)%00%(objectname)%00%(upstream:track)%00%(upstream:remotename)%00%(upstream:remoteref) refs/heads/master refs/remotes/master [1ms]
2024-02-19 21:16:22.336 [info] > git status -z -uall [5ms]
2024-02-19 21:16:27.354 [info] > git config --get commit.template [4ms]
2024-02-19 21:16:27.354 [info] > git for-each-ref --format=%(refname)%00%(upstream:short)%00%(objectname)%00%(upstream:track)%00%(upstream:remotename)%00%(upstream:remoteref) refs/heads/master refs/remotes/master [1ms]
2024-02-19 21:16:27.362 [info] > git status -z -uall [5ms]
2024-02-19 21:16:32.381 [info] > git config --get commit.template [3ms]
2024-02-19 21:16:32.382 [info] > git for-each-ref --format=%(refname)%00%(upstream:short)%00%(objectname)%00%(upstream:track)%00%(upstream:remotename)%00%(upstream:remoteref) refs/heads/master refs/remotes/master [1ms]
2024-02-19 21:16:32.390 [info] > git status -z -uall [5ms]
2024-02-19 21:16:37.408 [info] > git config --get commit.template [4ms]
2024-02-19 21:16:37.408 [info] > git for-each-ref --format=%(refname)%00%(upstream:short)%00%(objectname)%00%(upstream:track)%00%(upstream:remotename)%00%(upstream:remoteref) refs/heads/master refs/remotes/master [1ms]
2024-02-19 21:16:37.416 [info] > git status -z -uall [5ms]
2024-02-19 21:16:42.435 [info] > git config --get commit.template [3ms]
2024-02-19 21:16:42.435 [info] > git for-each-ref --format=%(refname)%00%(upstream:short)%00%(objectname)%00%(upstream:track)%00%(upstream:remotename)%00%(upstream:remoteref) refs/heads/master refs/remotes/master [1ms]
2024-02-19 21:16:42.443 [info] > git status -z -uall [5ms]
2024-02-19 21:16:47.462 [info] > git config --get commit.template [3ms]
2024-02-19 21:16:47.463 [info] > git for-each-ref --format=%(refname)%00%(upstream:short)%00%(objectname)%00%(upstream:track)%00%(upstream:remotename)%00%(upstream:remoteref) refs/heads/master refs/remotes/master [0ms]
2024-02-19 21:16:47.470 [info] > git status -z -uall [5ms]
2024-02-19 21:16:52.485 [info] > git config --get commit.template [1ms]
2024-02-19 21:16:52.490 [info] > git for-each-ref --format=%(refname)%00%(upstream:short)%00%(objectname)%00%(upstream:track)%00%(upstream:remotename)%00%(upstream:remoteref) refs/heads/master refs/remotes/master [0ms]
2024-02-19 21:16:52.497 [info] > git status -z -uall [5ms]
2024-02-19 21:16:57.514 [info] > git config --get commit.template [0ms]
2024-02-19 21:16:57.517 [info] > git for-each-ref --format=%(refname)%00%(upstream:short)%00%(objectname)%00%(upstream:track)%00%(upstream:remotename)%00%(upstream:remoteref) refs/heads/master refs/remotes/master [0ms]
2024-02-19 21:16:57.525 [info] > git status -z -uall [5ms]
2024-02-19 21:17:02.543 [info] > git config --get commit.template [1ms]
2024-02-19 21:17:02.546 [info] > git for-each-ref --format=%(refname)%00%(upstream:short)%00%(objectname)%00%(upstream:track)%00%(upstream:remotename)%00%(upstream:remoteref) refs/heads/master refs/remotes/master [1ms]
2024-02-19 21:17:02.554 [info] > git status -z -uall [4ms]
2024-02-19 21:17:07.573 [info] > git config --get commit.template [4ms]
2024-02-19 21:17:07.573 [info] > git for-each-ref --format=%(refname)%00%(upstream:short)%00%(objectname)%00%(upstream:track)%00%(upstream:remotename)%00%(upstream:remoteref) refs/heads/master refs/remotes/master [1ms]
2024-02-19 21:17:07.580 [info] > git status -z -uall [5ms]
2024-02-19 21:17:12.599 [info] > git config --get commit.template [4ms]
2024-02-19 21:17:12.599 [info] > git for-each-ref --format=%(refname)%00%(upstream:short)%00%(objectname)%00%(upstream:track)%00%(upstream:remotename)%00%(upstream:remoteref) refs/heads/master refs/remotes/master [1ms]
2024-02-19 21:17:12.607 [info] > git status -z -uall [5ms]
2024-02-19 21:17:17.622 [info] > git config --get commit.template [0ms]
2024-02-19 21:17:17.627 [info] > git for-each-ref --format=%(refname)%00%(upstream:short)%00%(objectname)%00%(upstream:track)%00%(upstream:remotename)%00%(upstream:remoteref) refs/heads/master refs/remotes/master [1ms]
2024-02-19 21:17:17.634 [info] > git status -z -uall [5ms]
2024-02-19 21:17:22.652 [info] > git config --get commit.template [4ms]
2024-02-19 21:17:22.652 [info] > git for-each-ref --format=%(refname)%00%(upstream:short)%00%(objectname)%00%(upstream:track)%00%(upstream:remotename)%00%(upstream:remoteref) refs/heads/master refs/remotes/master [1ms]
2024-02-19 21:17:22.660 [info] > git status -z -uall [5ms]
