2024-02-19 21:13:57.618 [info] Log level: Info
2024-02-19 21:13:57.618 [info] Validating found git in: "git"
2024-02-19 21:13:57.618 [info] Using git "2.34.1" from "git"
2024-02-19 21:13:57.618 [info] > git rev-parse --show-toplevel [12ms]
2024-02-19 21:13:57.618 [info] > git rev-parse --git-dir --git-common-dir [42ms]
2024-02-19 21:13:57.618 [info] Open repository: /home/bravucon
2024-02-19 21:13:57.618 [info] > git rev-parse --show-toplevel [2ms]
2024-02-19 21:13:57.618 [info] > git config --get commit.template [6ms]
2024-02-19 21:13:57.627 [info] > git rev-parse --show-toplevel [5ms]
2024-02-19 21:13:57.627 [info] > git for-each-ref --format=%(refname)%00%(upstream:short)%00%(objectname)%00%(upstream:track)%00%(upstream:remotename)%00%(upstream:remoteref) refs/heads/master refs/remotes/master [2ms]
2024-02-19 21:13:57.654 [info] > git rev-parse --show-toplevel [1ms]
2024-02-19 21:13:57.657 [info] > git status -z -uall [20ms]
2024-02-19 21:13:57.896 [info] > git config --get commit.template [9ms]
2024-02-19 21:13:57.896 [info] > git rev-parse --show-toplevel [13ms]
2024-02-19 21:13:57.915 [info] > git for-each-ref --format=%(refname)%00%(upstream:short)%00%(objectname)%00%(upstream:track)%00%(upstream:remotename)%00%(upstream:remoteref) refs/heads/master refs/remotes/master [3ms]
2024-02-19 21:13:57.936 [info] > git status -z -uall [14ms]
2024-02-19 21:13:58.206 [info] > git show --textconv :web.html [158ms]
2024-02-19 21:13:58.206 [info] > git ls-files --stage -- /home/bravucon/web.html [154ms]
2024-02-19 21:13:58.214 [info] > git cat-file -s e69de29bb2d1d6434b8b29ae775ad8c2e48c5391 [2ms]
2024-02-19 21:13:58.387 [info] > git check-ignore -v -z --stdin [2ms]
2024-02-19 21:14:01.490 [info] > git config --get commit.template [4ms]
2024-02-19 21:14:01.491 [info] > git for-each-ref --format=%(refname)%00%(upstream:short)%00%(objectname)%00%(upstream:track)%00%(upstream:remotename)%00%(upstream:remoteref) refs/heads/master refs/remotes/master [1ms]
2024-02-19 21:14:01.501 [info] > git status -z -uall [7ms]
2024-02-19 21:14:01.582 [info] > git for-each-ref --format=%(refname)%00%(upstream:short)%00%(objectname)%00%(upstream:track)%00%(upstream:remotename)%00%(upstream:remoteref) refs/heads/master [8ms]
2024-02-19 21:14:01.587 [info] > git config --local branch.master.vscode-merge-base [0ms]
2024-02-19 21:14:01.593 [info] > git reflog refs/heads/master --grep-reflog=branch: Created from *. [2ms]
2024-02-19 21:14:01.602 [info] > git symbolic-ref --short refs/remotes/origin/HEAD [2ms]
2024-02-19 21:14:01.602 [info] fatal: ref refs/remotes/origin/HEAD is not a symbolic ref
2024-02-19 21:14:02.097 [info] > git check-ignore -v -z --stdin [1ms]
2024-02-19 21:14:06.525 [info] > git config --get commit.template [3ms]
2024-02-19 21:14:06.525 [info] > git for-each-ref --format=%(refname)%00%(upstream:short)%00%(objectname)%00%(upstream:track)%00%(upstream:remotename)%00%(upstream:remoteref) refs/heads/master refs/remotes/master [1ms]
2024-02-19 21:14:06.533 [info] > git status -z -uall [6ms]
2024-02-19 21:14:11.549 [info] > git config --get commit.template [1ms]
2024-02-19 21:14:11.553 [info] > git for-each-ref --format=%(refname)%00%(upstream:short)%00%(objectname)%00%(upstream:track)%00%(upstream:remotename)%00%(upstream:remoteref) refs/heads/master refs/remotes/master [1ms]
2024-02-19 21:14:11.563 [info] > git status -z -uall [6ms]
