2024-02-18 18:58:56.186 [info] Log level: Info
2024-02-18 18:58:56.186 [info] Validating found git in: "git"
2024-02-18 18:58:56.186 [info] Using git "2.34.1" from "git"
2024-02-18 18:58:56.186 [info] > git rev-parse --show-toplevel [21ms]
2024-02-18 18:58:56.186 [info] fatal: not a git repository (or any of the parent directories): .git
2024-02-18 18:58:56.186 [info] > git rev-parse --show-toplevel [5ms]
2024-02-18 18:58:56.186 [info] fatal: not a git repository (or any of the parent directories): .git
2024-02-18 18:58:56.186 [info] > git rev-parse --show-toplevel [51ms]
2024-02-18 18:58:56.186 [info] fatal: not a git repository (or any parent up to mount point /)
Stopping at filesystem boundary (GIT_DISCOVERY_ACROSS_FILESYSTEM not set).
2024-02-18 18:58:56.188 [info] > git rev-parse --show-toplevel [3ms]
2024-02-18 18:58:56.189 [info] fatal: not a git repository (or any of the parent directories): .git
2024-02-18 18:58:56.200 [info] > git rev-parse --show-toplevel [2ms]
2024-02-18 18:58:56.201 [info] fatal: not a git repository (or any of the parent directories): .git
2024-02-18 18:58:56.227 [info] > git rev-parse --show-toplevel [2ms]
2024-02-18 18:58:56.227 [info] fatal: not a git repository (or any of the parent directories): .git
2024-02-18 18:58:56.237 [info] > git rev-parse --show-toplevel [2ms]
2024-02-18 18:58:56.237 [info] fatal: not a git repository (or any of the parent directories): .git
2024-02-18 18:58:56.247 [info] > git rev-parse --show-toplevel [2ms]
2024-02-18 18:58:56.247 [info] fatal: not a git repository (or any of the parent directories): .git
2024-02-18 18:58:56.261 [info] > git rev-parse --show-toplevel [2ms]
2024-02-18 18:58:56.261 [info] fatal: not a git repository (or any parent up to mount point /)
Stopping at filesystem boundary (GIT_DISCOVERY_ACROSS_FILESYSTEM not set).
2024-02-18 18:58:56.285 [info] > git rev-parse --show-toplevel [2ms]
2024-02-18 18:58:56.285 [info] fatal: not a git repository (or any parent up to mount point /)
Stopping at filesystem boundary (GIT_DISCOVERY_ACROSS_FILESYSTEM not set).
2024-02-18 18:58:56.295 [info] > git rev-parse --show-toplevel [3ms]
2024-02-18 18:58:56.295 [info] fatal: not a git repository (or any of the parent directories): .git
2024-02-18 18:58:56.313 [info] > git rev-parse --show-toplevel [2ms]
2024-02-18 18:58:56.313 [info] fatal: not a git repository (or any of the parent directories): .git
2024-02-18 18:58:56.331 [info] > git rev-parse --show-toplevel [4ms]
2024-02-18 18:58:56.331 [info] fatal: not a git repository (or any parent up to mount point /)
Stopping at filesystem boundary (GIT_DISCOVERY_ACROSS_FILESYSTEM not set).
2024-02-18 18:58:56.344 [info] > git rev-parse --show-toplevel [1ms]
2024-02-18 18:58:56.344 [info] fatal: not a git repository (or any of the parent directories): .git
2024-02-18 18:58:56.357 [info] > git rev-parse --show-toplevel [2ms]
2024-02-18 18:58:56.357 [info] fatal: not a git repository (or any of the parent directories): .git
2024-02-18 18:58:56.372 [info] > git rev-parse --show-toplevel [2ms]
2024-02-18 18:58:56.372 [info] fatal: not a git repository (or any of the parent directories): .git
2024-02-18 18:58:57.195 [info] > git rev-parse --show-toplevel [3ms]
2024-02-18 18:58:57.195 [info] fatal: not a git repository (or any of the parent directories): .git
