2024-02-18 18:52:12.051 [info] Log level: Info
2024-02-18 18:52:12.052 [info] Validating found git in: "git"
2024-02-18 18:52:12.052 [info] Using git "2.34.1" from "git"
2024-02-18 18:52:12.052 [info] > git rev-parse --show-toplevel [9ms]
2024-02-18 18:52:12.052 [info] fatal: not a git repository (or any of the parent directories): .git
2024-02-18 18:52:12.056 [info] > git rev-parse --show-toplevel [11ms]
2024-02-18 18:52:12.057 [info] fatal: not a git repository (or any of the parent directories): .git
2024-02-18 18:52:12.068 [info] > git rev-parse --show-toplevel [1ms]
2024-02-18 18:52:12.068 [info] fatal: not a git repository (or any parent up to mount point /)
Stopping at filesystem boundary (GIT_DISCOVERY_ACROSS_FILESYSTEM not set).
2024-02-18 18:52:12.078 [info] > git rev-parse --show-toplevel [2ms]
2024-02-18 18:52:12.078 [info] fatal: not a git repository (or any of the parent directories): .git
2024-02-18 18:52:12.090 [info] > git rev-parse --show-toplevel [1ms]
2024-02-18 18:52:12.090 [info] fatal: not a git repository (or any of the parent directories): .git
2024-02-18 18:52:12.128 [info] > git rev-parse --show-toplevel [1ms]
2024-02-18 18:52:12.128 [info] fatal: not a git repository (or any of the parent directories): .git
2024-02-18 18:52:12.138 [info] > git rev-parse --show-toplevel [2ms]
2024-02-18 18:52:12.138 [info] fatal: not a git repository (or any of the parent directories): .git
2024-02-18 18:52:12.148 [info] > git rev-parse --show-toplevel [1ms]
2024-02-18 18:52:12.148 [info] fatal: not a git repository (or any of the parent directories): .git
2024-02-18 18:52:12.159 [info] > git rev-parse --show-toplevel [1ms]
2024-02-18 18:52:12.159 [info] fatal: not a git repository (or any parent up to mount point /)
Stopping at filesystem boundary (GIT_DISCOVERY_ACROSS_FILESYSTEM not set).
2024-02-18 18:52:12.181 [info] > git rev-parse --show-toplevel [2ms]
2024-02-18 18:52:12.181 [info] fatal: not a git repository (or any parent up to mount point /)
Stopping at filesystem boundary (GIT_DISCOVERY_ACROSS_FILESYSTEM not set).
2024-02-18 18:52:12.192 [info] > git rev-parse --show-toplevel [2ms]
2024-02-18 18:52:12.193 [info] fatal: not a git repository (or any of the parent directories): .git
2024-02-18 18:52:12.212 [info] > git rev-parse --show-toplevel [9ms]
2024-02-18 18:52:12.212 [info] fatal: not a git repository (or any of the parent directories): .git
2024-02-18 18:52:12.325 [info] > git rev-parse --show-toplevel [46ms]
2024-02-18 18:52:12.325 [info] fatal: not a git repository (or any parent up to mount point /)
Stopping at filesystem boundary (GIT_DISCOVERY_ACROSS_FILESYSTEM not set).
2024-02-18 18:52:12.339 [info] > git rev-parse --show-toplevel [2ms]
2024-02-18 18:52:12.339 [info] fatal: not a git repository (or any of the parent directories): .git
2024-02-18 18:52:12.353 [info] > git rev-parse --show-toplevel [1ms]
2024-02-18 18:52:12.353 [info] fatal: not a git repository (or any of the parent directories): .git
2024-02-18 18:52:12.363 [info] > git rev-parse --show-toplevel [1ms]
2024-02-18 18:52:12.364 [info] fatal: not a git repository (or any of the parent directories): .git
