2024-02-18 18:53:41.002 [info] Log level: Info
2024-02-18 18:53:41.002 [info] Validating found git in: "git"
2024-02-18 18:53:41.002 [info] Using git "2.34.1" from "git"
2024-02-18 18:53:41.002 [info] > git rev-parse --show-toplevel [3ms]
2024-02-18 18:53:41.002 [info] fatal: not a git repository (or any of the parent directories): .git
2024-02-18 18:53:41.002 [info] > git rev-parse --show-toplevel [2ms]
2024-02-18 18:53:41.002 [info] fatal: not a git repository (or any of the parent directories): .git
2024-02-18 18:53:41.002 [info] > git rev-parse --show-toplevel [1ms]
2024-02-18 18:53:41.002 [info] fatal: not a git repository (or any parent up to mount point /)
Stopping at filesystem boundary (GIT_DISCOVERY_ACROSS_FILESYSTEM not set).
2024-02-18 18:53:41.003 [info] > git rev-parse --show-toplevel [2ms]
2024-02-18 18:53:41.003 [info] fatal: not a git repository (or any of the parent directories): .git
2024-02-18 18:53:41.008 [info] > git rev-parse --show-toplevel [1ms]
2024-02-18 18:53:41.008 [info] fatal: not a git repository (or any of the parent directories): .git
2024-02-18 18:53:41.047 [info] > git rev-parse --show-toplevel [30ms]
2024-02-18 18:53:41.047 [info] fatal: not a git repository (or any of the parent directories): .git
2024-02-18 18:53:41.063 [info] > git rev-parse --show-toplevel [3ms]
2024-02-18 18:53:41.063 [info] fatal: not a git repository (or any of the parent directories): .git
2024-02-18 18:53:41.073 [info] > git rev-parse --show-toplevel [3ms]
2024-02-18 18:53:41.073 [info] fatal: not a git repository (or any of the parent directories): .git
2024-02-18 18:53:41.085 [info] > git rev-parse --show-toplevel [2ms]
2024-02-18 18:53:41.085 [info] fatal: not a git repository (or any parent up to mount point /)
Stopping at filesystem boundary (GIT_DISCOVERY_ACROSS_FILESYSTEM not set).
2024-02-18 18:53:41.101 [info] > git rev-parse --show-toplevel [2ms]
2024-02-18 18:53:41.101 [info] fatal: not a git repository (or any parent up to mount point /)
Stopping at filesystem boundary (GIT_DISCOVERY_ACROSS_FILESYSTEM not set).
2024-02-18 18:53:41.116 [info] > git rev-parse --show-toplevel [3ms]
2024-02-18 18:53:41.117 [info] fatal: not a git repository (or any of the parent directories): .git
2024-02-18 18:53:41.124 [info] > git rev-parse --show-toplevel [1ms]
2024-02-18 18:53:41.124 [info] fatal: not a git repository (or any of the parent directories): .git
2024-02-18 18:53:41.132 [info] > git rev-parse --show-toplevel [0ms]
2024-02-18 18:53:41.132 [info] fatal: not a git repository (or any parent up to mount point /)
Stopping at filesystem boundary (GIT_DISCOVERY_ACROSS_FILESYSTEM not set).
2024-02-18 18:53:41.137 [info] > git rev-parse --show-toplevel [1ms]
2024-02-18 18:53:41.137 [info] fatal: not a git repository (or any of the parent directories): .git
2024-02-18 18:53:41.143 [info] > git rev-parse --show-toplevel [2ms]
2024-02-18 18:53:41.143 [info] fatal: not a git repository (or any of the parent directories): .git
2024-02-18 18:53:41.162 [info] > git rev-parse --show-toplevel [9ms]
2024-02-18 18:53:41.162 [info] fatal: not a git repository (or any of the parent directories): .git
